[debug] [2024-02-25T18:46:26.256Z] ----------------------------------------------------------------------
[debug] [2024-02-25T18:46:26.261Z] Command:       C:\Program Files\nodejs\node.exe C:\Users\seyfu\AppData\Roaming\npm\node_modules\firebase-tools\lib\bin\firebase.js init
[debug] [2024-02-25T18:46:26.261Z] CLI Version:   13.3.1
[debug] [2024-02-25T18:46:26.262Z] Platform:      win32
[debug] [2024-02-25T18:46:26.262Z] Node Version:  v21.6.2
[debug] [2024-02-25T18:46:26.262Z] Time:          Sun Feb 25 2024 21:46:26 GMT+0300 (GMT+03:00)
[debug] [2024-02-25T18:46:26.263Z] ----------------------------------------------------------------------
[debug] 
[debug] [2024-02-25T18:46:26.365Z] > command requires scopes: ["email","openid","https://www.googleapis.com/auth/cloudplatformprojects.readonly","https://www.googleapis.com/auth/firebase","https://www.googleapis.com/auth/cloud-platform"]
[debug] [2024-02-25T18:46:26.366Z] > authorizing via signed-in user (ramazansaidgalip@gmail.com)
[info] 
     ######## #### ########  ######## ########     ###     ######  ########
     ##        ##  ##     ## ##       ##     ##  ##   ##  ##       ##
     ######    ##  ########  ######   ########  #########  ######  ######
     ##        ##  ##    ##  ##       ##     ## ##     ##       ## ##
     ##       #### ##     ## ######## ########  ##     ##  ######  ########

You're about to initialize a Firebase project in this directory:

  C:\Users\seyfu\Desktop\nextjsEcommerce\ecommerce-website

Before we get started, keep in mind:

  * You are initializing within an existing Firebase project directory

[info] 
=== Project Setup
[info] 
[info] First, let's associate this project directory with a Firebase project.
[info] You can create multiple project aliases by running firebase use --add, 
[info] but for now we'll just set up a default project.
[info] 
[debug] [2024-02-25T18:47:03.513Z] Using project from CLI flag: nextjsecommerce-aa034
[debug] [2024-02-25T18:47:03.517Z] >>> [apiv2][query] GET https://firebase.googleapis.com/v1beta1/projects/nextjsecommerce-aa034 [none]
[debug] [2024-02-25T18:47:04.155Z] <<< [apiv2][status] GET https://firebase.googleapis.com/v1beta1/projects/nextjsecommerce-aa034 200
[debug] [2024-02-25T18:47:04.155Z] <<< [apiv2][body] GET https://firebase.googleapis.com/v1beta1/projects/nextjsecommerce-aa034 {"projectId":"nextjsecommerce-aa034","projectNumber":"363194788630","displayName":"nextjsecommerce","name":"projects/nextjsecommerce-aa034","resources":{"hostingSite":"nextjsecommerce-aa034","realtimeDatabaseInstance":"nextjsecommerce-aa034-default-rtdb"},"state":"ACTIVE","etag":"1_fb8c0f27-4154-4b5c-a63f-91a4474daf06"}
[info] i  Using project nextjsecommerce-aa034 (nextjsecommerce) 
[info] 
=== Functions Setup
[debug] [2024-02-25T18:47:04.174Z] > command requires scopes: ["email","openid","https://www.googleapis.com/auth/cloudplatformprojects.readonly","https://www.googleapis.com/auth/firebase","https://www.googleapis.com/auth/cloud-platform"]
[debug] [2024-02-25T18:47:04.175Z] > authorizing via signed-in user (ramazansaidgalip@gmail.com)
[debug] [2024-02-25T18:47:04.175Z] [iam] checking project nextjsecommerce-aa034 for permissions ["firebase.projects.get"]
[debug] [2024-02-25T18:47:04.176Z] >>> [apiv2][query] POST https://cloudresourcemanager.googleapis.com/v1/projects/nextjsecommerce-aa034:testIamPermissions [none]
[debug] [2024-02-25T18:47:04.176Z] >>> [apiv2][(partial)header] POST https://cloudresourcemanager.googleapis.com/v1/projects/nextjsecommerce-aa034:testIamPermissions x-goog-quota-user=projects/nextjsecommerce-aa034
[debug] [2024-02-25T18:47:04.176Z] >>> [apiv2][body] POST https://cloudresourcemanager.googleapis.com/v1/projects/nextjsecommerce-aa034:testIamPermissions {"permissions":["firebase.projects.get"]}
[debug] [2024-02-25T18:47:05.425Z] <<< [apiv2][status] POST https://cloudresourcemanager.googleapis.com/v1/projects/nextjsecommerce-aa034:testIamPermissions 200
[debug] [2024-02-25T18:47:05.425Z] <<< [apiv2][body] POST https://cloudresourcemanager.googleapis.com/v1/projects/nextjsecommerce-aa034:testIamPermissions {"permissions":["firebase.projects.get"]}
[debug] [2024-02-25T18:47:05.426Z] >>> [apiv2][query] GET https://serviceusage.googleapis.com/v1/projects/nextjsecommerce-aa034/services/cloudfunctions.googleapis.com [none]
[debug] [2024-02-25T18:47:05.426Z] >>> [apiv2][(partial)header] GET https://serviceusage.googleapis.com/v1/projects/nextjsecommerce-aa034/services/cloudfunctions.googleapis.com x-goog-quota-user=projects/nextjsecommerce-aa034
[debug] [2024-02-25T18:47:05.428Z] >>> [apiv2][query] GET https://serviceusage.googleapis.com/v1/projects/nextjsecommerce-aa034/services/runtimeconfig.googleapis.com [none]
[debug] [2024-02-25T18:47:05.428Z] >>> [apiv2][(partial)header] GET https://serviceusage.googleapis.com/v1/projects/nextjsecommerce-aa034/services/runtimeconfig.googleapis.com x-goog-quota-user=projects/nextjsecommerce-aa034
[debug] [2024-02-25T18:47:07.190Z] <<< [apiv2][status] GET https://serviceusage.googleapis.com/v1/projects/nextjsecommerce-aa034/services/runtimeconfig.googleapis.com 200
[debug] [2024-02-25T18:47:07.190Z] <<< [apiv2][body] GET https://serviceusage.googleapis.com/v1/projects/nextjsecommerce-aa034/services/runtimeconfig.googleapis.com [omitted]
[debug] [2024-02-25T18:47:07.275Z] <<< [apiv2][status] GET https://serviceusage.googleapis.com/v1/projects/nextjsecommerce-aa034/services/cloudfunctions.googleapis.com 200
[debug] [2024-02-25T18:47:07.275Z] <<< [apiv2][body] GET https://serviceusage.googleapis.com/v1/projects/nextjsecommerce-aa034/services/cloudfunctions.googleapis.com [omitted]
[info] 
Detected existing codebase(s): default, ecommerce

[info] Let's create a new codebase for your functions.
[info] A directory corresponding to the codebase will be created in your project
[info] with sample code pre-configured.

[info] See https://firebase.google.com/docs/functions/organize-functions for
[info] more information on organizing your functions using codebases.

[info] Functions can be deployed with firebase deploy.

[error] functions.codebase must be unique but 'ecommerce' was used more than once.
[info] +  Wrote firebase/package.json 
[info] +  Wrote firebase/.eslintrc.js 
[info] +  Wrote firebase/index.js 
[info] +  Wrote firebase/.gitignore 
[info] 
=== Hosting Setup
[debug] [2024-02-25T18:50:37.935Z] >>> [apiv2][query] GET https://firebase.googleapis.com/v1beta1/projects/nextjsecommerce-aa034 [none]
[debug] [2024-02-25T18:50:38.596Z] <<< [apiv2][status] GET https://firebase.googleapis.com/v1beta1/projects/nextjsecommerce-aa034 200
[debug] [2024-02-25T18:50:38.596Z] <<< [apiv2][body] GET https://firebase.googleapis.com/v1beta1/projects/nextjsecommerce-aa034 {"projectId":"nextjsecommerce-aa034","projectNumber":"363194788630","displayName":"nextjsecommerce","name":"projects/nextjsecommerce-aa034","resources":{"hostingSite":"nextjsecommerce-aa034","realtimeDatabaseInstance":"nextjsecommerce-aa034-default-rtdb"},"state":"ACTIVE","etag":"1_fb8c0f27-4154-4b5c-a63f-91a4474daf06"}
[info] 
[info] Your public directory is the folder (relative to your project directory) that
[info] will contain Hosting assets to be uploaded with firebase deploy. If you
[info] have a build process for your assets, use your build's output directory.
[info] 
[debug] [2024-02-25T18:51:41.665Z] >>> [apiv2][query] GET https://www.gstatic.com/firebasejs/releases.json [none]
[debug] [2024-02-25T18:51:42.076Z] <<< [apiv2][status] GET https://www.gstatic.com/firebasejs/releases.json 200
[debug] [2024-02-25T18:51:42.077Z] <<< [apiv2][body] GET https://www.gstatic.com/firebasejs/releases.json {"current":{"version":"10.8.0","browserURL":"https://www.gstatic.com/firebasejs/10.8.0/firebase.js","packageURL":"https://www.gstatic.com/firebasejs/10.8.0/firebase.tgz"},"live":{"version":"10.8","browserURL":"https://www.gstatic.com/firebasejs/live/10.8/firebase.js","packageURL":"https://www.gstatic.com/firebasejs/live/10.8/firebase.tgz"},"components":{"analytics":"https://www.gstatic.com/firebasejs/10.8.0/firebase-analytics.js","app":"https://www.gstatic.com/firebasejs/10.8.0/firebase-app.js","app-check":"https://www.gstatic.com/firebasejs/10.8.0/firebase-app-check.js","auth":"https://www.gstatic.com/firebasejs/10.8.0/firebase-auth.js","auth/cordova":"https://www.gstatic.com/firebasejs/10.8.0/firebase-auth/cordova.js","auth/web-extension":"https://www.gstatic.com/firebasejs/10.8.0/firebase-auth/web-extension.js","functions":"https://www.gstatic.com/firebasejs/10.8.0/firebase-functions.js","firestore":"https://www.gstatic.com/firebasejs/10.8.0/firebase-firestore.js","firestore/lite":"https://www.gstatic.com/firebasejs/10.8.0/firebase-firestore/lite.js","installations":"https://www.gstatic.com/firebasejs/10.8.0/firebase-installations.js","storage":"https://www.gstatic.com/firebasejs/10.8.0/firebase-storage.js","performance":"https://www.gstatic.com/firebasejs/10.8.0/firebase-performance.js","remote-config":"https://www.gstatic.com/firebasejs/10.8.0/firebase-remote-config.js","messaging":"https://www.gstatic.com/firebasejs/10.8.0/firebase-messaging.js","messaging/sw":"https://www.gstatic.com/firebasejs/10.8.0/firebase-messaging/sw.js","database":"https://www.gstatic.com/firebasejs/10.8.0/firebase-database.js","firestore.memory":"https://www.gstatic.com/firebasejs/10.8.0/firebase-firestore.memory.js"}}
[info] +  Wrote public/index.html 
[info] 
[info] i  Detected a .git folder at C:\Users\seyfu\Desktop\nextjsEcommerce\ecommerce-website 
[info] i  Authorizing with GitHub to upload your service account to a GitHub repository's secrets store. 
[info] 
[info] Visit this URL on this device to log in:
[info] https://github.com/login/oauth/authorize?client_id=89cf50f02ac6aaed3484&state=331337346&redirect_uri=http%3A%2F%2Flocalhost%3A9005&scope=read%3Auser%20repo%20public_repo
[info] 
[info] Waiting for authentication...
[debug] [2024-02-25T18:51:55.157Z] >>> [apiv2][query] POST https://github.com/login/oauth/access_token [none]
[debug] [2024-02-25T18:51:55.158Z] >>> [apiv2][body] POST https://github.com/login/oauth/access_token [stream]
[debug] [2024-02-25T18:51:55.740Z] <<< [apiv2][status] POST https://github.com/login/oauth/access_token 200
[debug] [2024-02-25T18:51:55.741Z] <<< [apiv2][body] POST https://github.com/login/oauth/access_token {"access_token":"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","token_type":"bearer","scope":"read:user,repo"}
[debug] [2024-02-25T18:51:55.756Z] >>> [apiv2][query] GET https://api.github.com/user [none]
[debug] [2024-02-25T18:51:56.366Z] <<< [apiv2][status] GET https://api.github.com/user 200
[debug] [2024-02-25T18:51:56.367Z] <<< [apiv2][body] GET https://api.github.com/user {"login":"ramazangalip","id":107424417,"node_id":"U_kgDOBmcqoQ","avatar_url":"https://avatars.githubusercontent.com/u/107424417?v=4","gravatar_id":"","url":"https://api.github.com/users/ramazangalip","html_url":"https://github.com/ramazangalip","followers_url":"https://api.github.com/users/ramazangalip/followers","following_url":"https://api.github.com/users/ramazangalip/following{/other_user}","gists_url":"https://api.github.com/users/ramazangalip/gists{/gist_id}","starred_url":"https://api.github.com/users/ramazangalip/starred{/owner}{/repo}","subscriptions_url":"https://api.github.com/users/ramazangalip/subscriptions","organizations_url":"https://api.github.com/users/ramazangalip/orgs","repos_url":"https://api.github.com/users/ramazangalip/repos","events_url":"https://api.github.com/users/ramazangalip/events{/privacy}","received_events_url":"https://api.github.com/users/ramazangalip/received_events","type":"User","site_admin":false,"name":"Ramazan  Said GALİP","company":null,"blog":"","location":null,"email":null,"hireable":null,"bio":null,"twitter_username":null,"public_repos":38,"public_gists":0,"followers":3,"following":5,"created_at":"2022-06-13T16:07:31Z","updated_at":"2024-01-09T19:20:48Z","private_gists":0,"total_private_repos":2,"owned_private_repos":2,"disk_usage":79319,"collaborators":0,"two_factor_authentication":false,"plan":{"name":"free","space":976562499,"collaborators":0,"private_repos":10000}}
[info] 
[info] +  Success! Logged into GitHub as ramazangalip 
[info] 
[debug] [2024-02-25T18:52:03.302Z] >>> [apiv2][query] GET https://api.github.com/repos//actions/secrets/public-key type=owner
[debug] [2024-02-25T18:52:03.874Z] <<< [apiv2][status] GET https://api.github.com/repos//actions/secrets/public-key 404
[debug] [2024-02-25T18:52:03.875Z] <<< [apiv2][body] GET https://api.github.com/repos//actions/secrets/public-key {"message":"Not Found","documentation_url":"https://docs.github.com/rest"}
[info] 
[info] 
[error] !  The provided authorization cannot be used with this repository. If this repository is in an organization, did you remember to grant access? 
[info] 
[info] i  Action required: Visit this URL to ensure access has been granted to the appropriate organization(s) for the Firebase CLI GitHub OAuth App: 
[info] https://github.com/settings/connections/applications/89cf50f02ac6aaed3484
[info] 
